The system is: Darwin - 17.5.0 - x86_64
Compiling the C compiler identification source file "CMakeCCompilerId.c" succeeded.
Compiler: /usr/local/bin/gcc-7 
Build flags: 
Id flags:  

The output was:
0


Compilation of the C compiler identification source "CMakeCCompilerId.c" produced "a.out"

The C compiler identification is GNU, found in "/Users/attache-case/GitHub/NetworkComputing/Assignment1/cmake-build-debug/CMakeFiles/3.10.2/CompilerIdC/a.out"

Determining if the C compiler works passed with the following output:
Change Dir: /Users/attache-case/GitHub/NetworkComputing/Assignment1/cmake-build-debug/CMakeFiles/CMakeTmp

Run Build Command:"/usr/bin/make" "cmTC_c3ee9/fast"
/Applications/Xcode.app/Contents/Developer/usr/bin/make -f CMakeFiles/cmTC_c3ee9.dir/build.make CMakeFiles/cmTC_c3ee9.dir/build
Building C object CMakeFiles/cmTC_c3ee9.dir/testCCompiler.c.o
/usr/local/bin/gcc-7    -o CMakeFiles/cmTC_c3ee9.dir/testCCompiler.c.o   -c /Users/attache-case/GitHub/NetworkComputing/Assignment1/cmake-build-debug/CMakeFiles/CMakeTmp/testCCompiler.c
Linking C executable cmTC_c3ee9
/Applications/CLion.app/Contents/bin/cmake/bin/cmake -E cmake_link_script CMakeFiles/cmTC_c3ee9.dir/link.txt --verbose=1
/usr/local/bin/gcc-7   -Wl,-search_paths_first -Wl,-headerpad_max_install_names   CMakeFiles/cmTC_c3ee9.dir/testCCompiler.c.o  -o cmTC_c3ee9 


Detecting C compiler ABI info compiled with the following output:
Change Dir: /Users/attache-case/GitHub/NetworkComputing/Assignment1/cmake-build-debug/CMakeFiles/CMakeTmp

Run Build Command:"/usr/bin/make" "cmTC_21236/fast"
/Applications/Xcode.app/Contents/Developer/usr/bin/make -f CMakeFiles/cmTC_21236.dir/build.make CMakeFiles/cmTC_21236.dir/build
Building C object CMakeFiles/cmTC_21236.dir/CMakeCCompilerABI.c.o
/usr/local/bin/gcc-7    -o CMakeFiles/cmTC_21236.dir/CMakeCCompilerABI.c.o   -c /Applications/CLion.app/Contents/bin/cmake/share/cmake-3.10/Modules/CMakeCCompilerABI.c
Linking C executable cmTC_21236
/Applications/CLion.app/Contents/bin/cmake/bin/cmake -E cmake_link_script CMakeFiles/cmTC_21236.dir/link.txt --verbose=1
/usr/local/bin/gcc-7   -Wl,-search_paths_first -Wl,-headerpad_max_install_names  -v -Wl,-v CMakeFiles/cmTC_21236.dir/CMakeCCompilerABI.c.o  -o cmTC_21236 
Using built-in specs.
COLLECT_GCC=/usr/local/bin/gcc-7
COLLECT_LTO_WRAPPER=/usr/local/Cellar/gcc/7.3.0_1/libexec/gcc/x86_64-apple-darwin17.3.0/7.3.0/lto-wrapper
Target: x86_64-apple-darwin17.3.0
Configured with: ../configure --build=x86_64-apple-darwin17.3.0 --prefix=/usr/local/Cellar/gcc/7.3.0_1 --libdir=/usr/local/Cellar/gcc/7.3.0_1/lib/gcc/7 --enable-languages=c,c++,objc,obj-c++,fortran --program-suffix=-7 --with-gmp=/usr/local/opt/gmp --with-mpfr=/usr/local/opt/mpfr --with-mpc=/usr/local/opt/libmpc --with-isl=/usr/local/opt/isl --with-system-zlib --enable-checking=release --with-pkgversion='Homebrew GCC 7.3.0_1' --with-bugurl=https://github.com/Homebrew/homebrew-core/issues --disable-nls
Thread model: posix
gcc version 7.3.0 (Homebrew GCC 7.3.0_1) 
COMPILER_PATH=/usr/local/Cellar/gcc/7.3.0_1/libexec/gcc/x86_64-apple-darwin17.3.0/7.3.0/:/usr/local/Cellar/gcc/7.3.0_1/libexec/gcc/x86_64-apple-darwin17.3.0/7.3.0/:/usr/local/Cellar/gcc/7.3.0_1/libexec/gcc/x86_64-apple-darwin17.3.0/:/usr/local/Cellar/gcc/7.3.0_1/lib/gcc/7/gcc/x86_64-apple-darwin17.3.0/7.3.0/:/usr/local/Cellar/gcc/7.3.0_1/lib/gcc/7/gcc/x86_64-apple-darwin17.3.0/
LIBRARY_PATH=/usr/local/Cellar/gcc/7.3.0_1/lib/gcc/7/gcc/x86_64-apple-darwin17.3.0/7.3.0/:/usr/local/Cellar/gcc/7.3.0_1/lib/gcc/7/gcc/x86_64-apple-darwin17.3.0/7.3.0/../../../
COLLECT_GCC_OPTIONS='-v' '-o' 'cmTC_21236' '-mmacosx-version-min=10.13.5' '-asm_macosx_version_min=10.13' '-mtune=core2'
 /usr/local/Cellar/gcc/7.3.0_1/libexec/gcc/x86_64-apple-darwin17.3.0/7.3.0/collect2 -dynamic -arch x86_64 -macosx_version_min 10.13.5 -weak_reference_mismatches non-weak -o cmTC_21236 -L/usr/local/Cellar/gcc/7.3.0_1/lib/gcc/7/gcc/x86_64-apple-darwin17.3.0/7.3.0 -L/usr/local/Cellar/gcc/7.3.0_1/lib/gcc/7/gcc/x86_64-apple-darwin17.3.0/7.3.0/../../.. -search_paths_first -headerpad_max_install_names -v CMakeFiles/cmTC_21236.dir/CMakeCCompilerABI.c.o -no_compact_unwind -lSystem -lgcc_ext.10.5 -lgcc -lSystem -v
collect2 version 7.3.0
/usr/bin/ld -dynamic -arch x86_64 -macosx_version_min 10.13.5 -weak_reference_mismatches non-weak -o cmTC_21236 -L/usr/local/Cellar/gcc/7.3.0_1/lib/gcc/7/gcc/x86_64-apple-darwin17.3.0/7.3.0 -L/usr/local/Cellar/gcc/7.3.0_1/lib/gcc/7/gcc/x86_64-apple-darwin17.3.0/7.3.0/../../.. -search_paths_first -headerpad_max_install_names -v CMakeFiles/cmTC_21236.dir/CMakeCCompilerABI.c.o -no_compact_unwind -lSystem -lgcc_ext.10.5 -lgcc -lSystem -v
@(#)PROGRAM:ld  PROJECT:ld64-351.8
configured to support archs: armv6 armv7 armv7s arm64 i386 x86_64 x86_64h armv6m armv7k armv7m armv7em (tvOS)
@(#)PROGRAM:ld  PROJECT:ld64-351.8
configured to support archs: armv6 armv7 armv7s arm64 i386 x86_64 x86_64h armv6m armv7k armv7m armv7em (tvOS)
Library search paths:
	/usr/local/Cellar/gcc/7.3.0_1/lib/gcc/7/gcc/x86_64-apple-darwin17.3.0/7.3.0
	/usr/local/Cellar/gcc/7.3.0_1/lib/gcc/7
	/usr/lib
	/usr/local/lib
Framework search paths:
	/Library/Frameworks/
	/System/Library/Frameworks/
 /usr/bin/nm -n CMakeFiles/cmTC_21236.dir/CMakeCCompilerABI.c.o


Parsed C implicit link information from above output:
  link line regex: [^( *|.*[/\])(ld|CMAKE_LINK_STARTFILE-NOTFOUND|([^/\]+-)?ld|collect2)[^/\]*( |$)]
  ignore line: [Change Dir: /Users/attache-case/GitHub/NetworkComputing/Assignment1/cmake-build-debug/CMakeFiles/CMakeTmp]
  ignore line: []
  ignore line: [Run Build Command:"/usr/bin/make" "cmTC_21236/fast"]
  ignore line: [/Applications/Xcode.app/Contents/Developer/usr/bin/make -f CMakeFiles/cmTC_21236.dir/build.make CMakeFiles/cmTC_21236.dir/build]
  ignore line: [Building C object CMakeFiles/cmTC_21236.dir/CMakeCCompilerABI.c.o]
  ignore line: [/usr/local/bin/gcc-7    -o CMakeFiles/cmTC_21236.dir/CMakeCCompilerABI.c.o   -c /Applications/CLion.app/Contents/bin/cmake/share/cmake-3.10/Modules/CMakeCCompilerABI.c]
  ignore line: [Linking C executable cmTC_21236]
  ignore line: [/Applications/CLion.app/Contents/bin/cmake/bin/cmake -E cmake_link_script CMakeFiles/cmTC_21236.dir/link.txt --verbose=1]
  ignore line: [/usr/local/bin/gcc-7   -Wl,-search_paths_first -Wl,-headerpad_max_install_names  -v -Wl,-v CMakeFiles/cmTC_21236.dir/CMakeCCompilerABI.c.o  -o cmTC_21236 ]
  ignore line: [Using built-in specs.]
  ignore line: [COLLECT_GCC=/usr/local/bin/gcc-7]
  ignore line: [COLLECT_LTO_WRAPPER=/usr/local/Cellar/gcc/7.3.0_1/libexec/gcc/x86_64-apple-darwin17.3.0/7.3.0/lto-wrapper]
  ignore line: [Target: x86_64-apple-darwin17.3.0]
  ignore line: [Configured with: ../configure --build=x86_64-apple-darwin17.3.0 --prefix=/usr/local/Cellar/gcc/7.3.0_1 --libdir=/usr/local/Cellar/gcc/7.3.0_1/lib/gcc/7 --enable-languages=c,c++,objc,obj-c++,fortran --program-suffix=-7 --with-gmp=/usr/local/opt/gmp --with-mpfr=/usr/local/opt/mpfr --with-mpc=/usr/local/opt/libmpc --with-isl=/usr/local/opt/isl --with-system-zlib --enable-checking=release --with-pkgversion='Homebrew GCC 7.3.0_1' --with-bugurl=https://github.com/Homebrew/homebrew-core/issues --disable-nls]
  ignore line: [Thread model: posix]
  ignore line: [gcc version 7.3.0 (Homebrew GCC 7.3.0_1) ]
  ignore line: [COMPILER_PATH=/usr/local/Cellar/gcc/7.3.0_1/libexec/gcc/x86_64-apple-darwin17.3.0/7.3.0/:/usr/local/Cellar/gcc/7.3.0_1/libexec/gcc/x86_64-apple-darwin17.3.0/7.3.0/:/usr/local/Cellar/gcc/7.3.0_1/libexec/gcc/x86_64-apple-darwin17.3.0/:/usr/local/Cellar/gcc/7.3.0_1/lib/gcc/7/gcc/x86_64-apple-darwin17.3.0/7.3.0/:/usr/local/Cellar/gcc/7.3.0_1/lib/gcc/7/gcc/x86_64-apple-darwin17.3.0/]
  ignore line: [LIBRARY_PATH=/usr/local/Cellar/gcc/7.3.0_1/lib/gcc/7/gcc/x86_64-apple-darwin17.3.0/7.3.0/:/usr/local/Cellar/gcc/7.3.0_1/lib/gcc/7/gcc/x86_64-apple-darwin17.3.0/7.3.0/../../../]
  ignore line: [COLLECT_GCC_OPTIONS='-v' '-o' 'cmTC_21236' '-mmacosx-version-min=10.13.5' '-asm_macosx_version_min=10.13' '-mtune=core2']
  link line: [ /usr/local/Cellar/gcc/7.3.0_1/libexec/gcc/x86_64-apple-darwin17.3.0/7.3.0/collect2 -dynamic -arch x86_64 -macosx_version_min 10.13.5 -weak_reference_mismatches non-weak -o cmTC_21236 -L/usr/local/Cellar/gcc/7.3.0_1/lib/gcc/7/gcc/x86_64-apple-darwin17.3.0/7.3.0 -L/usr/local/Cellar/gcc/7.3.0_1/lib/gcc/7/gcc/x86_64-apple-darwin17.3.0/7.3.0/../../.. -search_paths_first -headerpad_max_install_names -v CMakeFiles/cmTC_21236.dir/CMakeCCompilerABI.c.o -no_compact_unwind -lSystem -lgcc_ext.10.5 -lgcc -lSystem -v]
    arg [/usr/local/Cellar/gcc/7.3.0_1/libexec/gcc/x86_64-apple-darwin17.3.0/7.3.0/collect2] ==> ignore
    arg [-dynamic] ==> ignore
    arg [-arch] ==> ignore
    arg [x86_64] ==> ignore
    arg [-macosx_version_min] ==> ignore
    arg [10.13.5] ==> ignore
    arg [-weak_reference_mismatches] ==> ignore
    arg [non-weak] ==> ignore
    arg [-o] ==> ignore
    arg [cmTC_21236] ==> ignore
    arg [-L/usr/local/Cellar/gcc/7.3.0_1/lib/gcc/7/gcc/x86_64-apple-darwin17.3.0/7.3.0] ==> dir [/usr/local/Cellar/gcc/7.3.0_1/lib/gcc/7/gcc/x86_64-apple-darwin17.3.0/7.3.0]
    arg [-L/usr/local/Cellar/gcc/7.3.0_1/lib/gcc/7/gcc/x86_64-apple-darwin17.3.0/7.3.0/../../..] ==> dir [/usr/local/Cellar/gcc/7.3.0_1/lib/gcc/7/gcc/x86_64-apple-darwin17.3.0/7.3.0/../../..]
    arg [-search_paths_first] ==> ignore
    arg [-headerpad_max_install_names] ==> ignore
    arg [-v] ==> ignore
    arg [CMakeFiles/cmTC_21236.dir/CMakeCCompilerABI.c.o] ==> ignore
    arg [-no_compact_unwind] ==> ignore
    arg [-lSystem] ==> lib [System]
    arg [-lgcc_ext.10.5] ==> lib [gcc_ext.10.5]
    arg [-lgcc] ==> lib [gcc]
    arg [-lSystem] ==> lib [System]
    arg [-v] ==> ignore
  Library search paths: [;/usr/local/Cellar/gcc/7.3.0_1/lib/gcc/7/gcc/x86_64-apple-darwin17.3.0/7.3.0;/usr/local/Cellar/gcc/7.3.0_1/lib/gcc/7;/usr/lib;/usr/local/lib]
  Framework search paths: [;/Library/Frameworks/;/System/Library/Frameworks/]
  remove lib [System]
  remove lib [System]
  collapse library dir [/usr/local/Cellar/gcc/7.3.0_1/lib/gcc/7/gcc/x86_64-apple-darwin17.3.0/7.3.0] ==> [/usr/local/Cellar/gcc/7.3.0_1/lib/gcc/7/gcc/x86_64-apple-darwin17.3.0/7.3.0]
  collapse library dir [/usr/local/Cellar/gcc/7.3.0_1/lib/gcc/7/gcc/x86_64-apple-darwin17.3.0/7.3.0/../../..] ==> [/usr/local/Cellar/gcc/7.3.0_1/lib/gcc/7]
  collapse library dir [/usr/local/Cellar/gcc/7.3.0_1/lib/gcc/7/gcc/x86_64-apple-darwin17.3.0/7.3.0] ==> [/usr/local/Cellar/gcc/7.3.0_1/lib/gcc/7/gcc/x86_64-apple-darwin17.3.0/7.3.0]
  collapse library dir [/usr/local/Cellar/gcc/7.3.0_1/lib/gcc/7] ==> [/usr/local/Cellar/gcc/7.3.0_1/lib/gcc/7]
  collapse library dir [/usr/lib] ==> [/usr/lib]
  collapse library dir [/usr/local/lib] ==> [/usr/local/lib]
  collapse framework dir [/Library/Frameworks/] ==> [/Library/Frameworks]
  collapse framework dir [/System/Library/Frameworks/] ==> [/System/Library/Frameworks]
  implicit libs: [gcc_ext.10.5;gcc]
  implicit dirs: [/usr/local/Cellar/gcc/7.3.0_1/lib/gcc/7/gcc/x86_64-apple-darwin17.3.0/7.3.0;/usr/local/Cellar/gcc/7.3.0_1/lib/gcc/7;/usr/lib;/usr/local/lib]
  implicit fwks: [/Library/Frameworks;/System/Library/Frameworks]




Detecting C [-std=c11] compiler features compiled with the following output:
Change Dir: /Users/attache-case/GitHub/NetworkComputing/Assignment1/cmake-build-debug/CMakeFiles/CMakeTmp

Run Build Command:"/usr/bin/make" "cmTC_c394a/fast"
/Applications/Xcode.app/Contents/Developer/usr/bin/make -f CMakeFiles/cmTC_c394a.dir/build.make CMakeFiles/cmTC_c394a.dir/build
Building C object CMakeFiles/cmTC_c394a.dir/feature_tests.c.o
/usr/local/bin/gcc-7   -std=c11 -o CMakeFiles/cmTC_c394a.dir/feature_tests.c.o   -c /Users/attache-case/GitHub/NetworkComputing/Assignment1/cmake-build-debug/CMakeFiles/feature_tests.c
Linking C executable cmTC_c394a
/Applications/CLion.app/Contents/bin/cmake/bin/cmake -E cmake_link_script CMakeFiles/cmTC_c394a.dir/link.txt --verbose=1
/usr/local/bin/gcc-7   -Wl,-search_paths_first -Wl,-headerpad_max_install_names   CMakeFiles/cmTC_c394a.dir/feature_tests.c.o  -o cmTC_c394a 


    Feature record: C_FEATURE:1c_function_prototypes
    Feature record: C_FEATURE:1c_restrict
    Feature record: C_FEATURE:1c_static_assert
    Feature record: C_FEATURE:1c_variadic_macros


Detecting C [-std=c99] compiler features compiled with the following output:
Change Dir: /Users/attache-case/GitHub/NetworkComputing/Assignment1/cmake-build-debug/CMakeFiles/CMakeTmp

Run Build Command:"/usr/bin/make" "cmTC_1971e/fast"
/Applications/Xcode.app/Contents/Developer/usr/bin/make -f CMakeFiles/cmTC_1971e.dir/build.make CMakeFiles/cmTC_1971e.dir/build
Building C object CMakeFiles/cmTC_1971e.dir/feature_tests.c.o
/usr/local/bin/gcc-7   -std=c99 -o CMakeFiles/cmTC_1971e.dir/feature_tests.c.o   -c /Users/attache-case/GitHub/NetworkComputing/Assignment1/cmake-build-debug/CMakeFiles/feature_tests.c
Linking C executable cmTC_1971e
/Applications/CLion.app/Contents/bin/cmake/bin/cmake -E cmake_link_script CMakeFiles/cmTC_1971e.dir/link.txt --verbose=1
/usr/local/bin/gcc-7   -Wl,-search_paths_first -Wl,-headerpad_max_install_names   CMakeFiles/cmTC_1971e.dir/feature_tests.c.o  -o cmTC_1971e 


    Feature record: C_FEATURE:1c_function_prototypes
    Feature record: C_FEATURE:1c_restrict
    Feature record: C_FEATURE:0c_static_assert
    Feature record: C_FEATURE:1c_variadic_macros


Detecting C [-std=c90] compiler features compiled with the following output:
Change Dir: /Users/attache-case/GitHub/NetworkComputing/Assignment1/cmake-build-debug/CMakeFiles/CMakeTmp

Run Build Command:"/usr/bin/make" "cmTC_05068/fast"
/Applications/Xcode.app/Contents/Developer/usr/bin/make -f CMakeFiles/cmTC_05068.dir/build.make CMakeFiles/cmTC_05068.dir/build
Building C object CMakeFiles/cmTC_05068.dir/feature_tests.c.o
/usr/local/bin/gcc-7   -std=c90 -o CMakeFiles/cmTC_05068.dir/feature_tests.c.o   -c /Users/attache-case/GitHub/NetworkComputing/Assignment1/cmake-build-debug/CMakeFiles/feature_tests.c
Linking C executable cmTC_05068
/Applications/CLion.app/Contents/bin/cmake/bin/cmake -E cmake_link_script CMakeFiles/cmTC_05068.dir/link.txt --verbose=1
/usr/local/bin/gcc-7   -Wl,-search_paths_first -Wl,-headerpad_max_install_names   CMakeFiles/cmTC_05068.dir/feature_tests.c.o  -o cmTC_05068 


    Feature record: C_FEATURE:1c_function_prototypes
    Feature record: C_FEATURE:0c_restrict
    Feature record: C_FEATURE:0c_static_assert
    Feature record: C_FEATURE:0c_variadic_macros
